<?xml version="1.0" encoding="UTF-8"?>
<!-- Generated by org.testng.reporters.JUnitReportReporter -->
<testsuite hostname="G5-PC" name="com.immply.mainclass.TwitterShare" tests="2" failures="0" timestamp="22 Sep 2017 06:06:46 GMT" time="67.887" errors="0">
  <testcase name="TweetShare" time="21.009" classname="com.immply.mainclass.TwitterShare"/>
  <testcase name="TweetLoginPage" time="46.878" classname="com.immply.mainclass.TwitterShare"/>
</testsuite> <!-- com.immply.mainclass.TwitterShare -->
