<?xml version="1.0" encoding="UTF-8"?>
<!-- Generated by org.testng.reporters.JUnitReportReporter -->
<testsuite hostname="G5-PC" name="com.immply.mainclass.EmailShare" tests="1" failures="0" timestamp="22 Sep 2017 06:06:46 GMT" time="15.848" errors="0">
  <testcase name="testEmailShare" time="15.848" classname="com.immply.mainclass.EmailShare"/>
</testsuite> <!-- com.immply.mainclass.EmailShare -->
