<?xml version="1.0" encoding="UTF-8"?>
<!-- Generated by org.testng.reporters.JUnitReportReporter -->
<testsuite hostname="G5-PC" name="com.immply.mainclass.FacebookShare" tests="3" failures="0" timestamp="22 Sep 2017 06:06:46 GMT" time="69.187" errors="0">
  <testcase name="testFBShareWindow" time="31.342" classname="com.immply.mainclass.FacebookShare"/>
  <testcase name="testFBLoginPage" time="12.035" classname="com.immply.mainclass.FacebookShare"/>
  <testcase name="testWidget" time="25.810" classname="com.immply.mainclass.FacebookShare"/>
</testsuite> <!-- com.immply.mainclass.FacebookShare -->
