<?xml version="1.0" encoding="UTF-8"?>
<!-- Generated by org.testng.reporters.JUnitReportReporter -->
<testsuite hostname="G5-PC" name="com.immply.mainclass.TestBitlyRun" tests="3" failures="0" timestamp="22 Sep 2017 06:06:46 GMT" time="136.715" errors="0">
  <testcase name="testGmailPage" time="45.607" classname="com.immply.mainclass.TestBitlyRun"/>
  <testcase name="testFBPage" time="45.735" classname="com.immply.mainclass.TestBitlyRun"/>
  <testcase name="TweetPage" time="45.373" classname="com.immply.mainclass.TestBitlyRun"/>
</testsuite> <!-- com.immply.mainclass.TestBitlyRun -->
